Unity Player [version: Unity 5.4.2f2_b7e030c65c9b]

PoorExploring.exe caused an Access Violation (0xc0000005)
  in module PoorExploring.exe at 0023:00aef946.

Error occurred at 2017-01-24_045312.
F:\Documents\WJ\PoorExploring.exe, run by Ben.
64% memory in use.
0 MB physical memory [0 MB free].
0 MB paging file [244 MB free].
0 MB user address space [3631 MB free].
Read from location 000005dc caused an access violation.

Context:
EDI:    0x00000000  ESI: 0x013bd3c0  EAX:   0x01b3d9e0
EBX:    0x0032967b  ECX: 0x00000000  EDX:   0x00000002
EIP:    0x00aef946  EBP: 0x01b3d9cc  SegCs: 0x00000023
EFlags: 0x00210287  ESP: 0x01b3d9c8  SegSs: 0x0000002b

Bytes at CS:EIP:
83 bf dc 05 00 00 00 75 07 32 c0 5f 5d c2 04 00 

Stack:
0x01b3d9c8: 053402a0 01b3da04 00acd3c2 01b3d9e0 ..4.............
0x01b3d9d8: 00000003 053402a0 666e6f63 30006769 ......4.config.0
0x01b3d9e8: 0000002f 0000002f 00000006 0000000f /.../...........
0x01b3d9f8: 00000000 00000000 30e3dca7 01b3da0c ...........0....
0x01b3da08: 00acbf37 01b3da24 00acc096 00000002 7...$...........
0x01b3da18: 00ace6f0 00000000 0156a3a0 01b3da40 ..........V.@...
0x01b3da28: 00ace74f 00000003 27fdaa42 27fdaa42 O.......B..'B..'
0x01b3da38: 0032967b 00000000 01b3da74 00acae55 {.2.....t...U...
0x01b3da48: 053402a0 00000003 27fdaa42 27fdaa42 ..4.....B..'B..'
0x01b3da58: 0032967b 00000000 00010981 05340248 {.2.........H.4.
0x01b3da68: 00000000 0156a3a0 00000000 01b3dadc ......V.........
0x01b3da78: 00acbbc7 00000003 27fdaa42 27fdaa42 ........B..'B..'
0x01b3da88: 0032967b 00000000 00000000 0156a6a4 {.2...........V.
0x01b3da98: 0156a6a4 00000000 00000000 11c017ce ..V.............
0x01b3daa8: 04cd46c0 04cd5070 01b3dac0 01133157 .F..pP......W1..
0x01b3dab8: 04cd46c0 04d47ba0 01b3dae4 00915c63 .F...{......c\..
0x01b3dac8: 05245258 01b3dae0 00000000 04cd46c0 XR$..........F..
0x01b3dad8: 00000000 01b3dae8 00acbbe7 00000003 ................
0x01b3dae8: 01b3db04 0039e571 05340248 00000000 ....q.9.H.4.....
0x01b3daf8: 00000000 04cd46c0 00000000 01b3db24 .....F......$...
0x01b3db08: 0063cd8f 00000000 00000006 00000000 ..c.............
0x01b3db18: fffffffe 01b3db6c 0072cd40 01b3db6c ....l...@.r.l...
0x01b3db28: 0072cab2 00000000 00000001 00000000 ..r.............
0x01b3db38: 00200001 0072c800 773835e0 30e3dda7 .. ...r..58w...0
0x01b3db48: 000004b0 00000000 7736aed3 024afb40 ..........6w@.J.
0x01b3db58: 00000000 0000001c 00000001 00001af8 ................
0x01b3db68: 00000000 01b3db98 7675d2b3 00072ce6 ..........uv.,..
0x01b3db78: 00000006 00200001 00000000 00200001 ...... ....... .
0x01b3db88: dcbaabcd 0072c800 00000000 00200001 ......r....... .
0x01b3db98: 01b3dc80 7673e88a 0072c800 00072ce6 ......sv..r..,..
0x01b3dba8: 00000006 00200001 00000000 30e3da1b ...... ........0
0x01b3dbb8: 00000000 00000000 00000006 00000080 ................
0x01b3dbc8: 00000040 00000000 770efdfa 1314be90 @..........w....
0x01b3dbd8: 1314be94 00000000 00000000 00000024 ............$...
0x01b3dbe8: 00000001 00000000 00000000 00000070 ............p...
0x01b3dbf8: ffffffff ffffffff 00000024 00000001 ........$.......
0x01b3dc08: 00000000 00000000 00000030 ffffffff ........0.......
0x01b3dc18: ffffffff 7673e71c 00000000 00000000 ......sv........
0x01b3dc28: 00000000 00000000 00000000 00000000 ................
0x01b3dc38: 0072c800 00000000 021209f8 00000000 ..r.............
0x01b3dc48: 80000011 00000000 00000000 80000011 ................
0x01b3dc58: 00000000 00000001 00072ce6 30e3da1b .........,.....0
0x01b3dc68: 7673e4c0 01b3d3f8 01b3dcd0 767615b0 ..sv..........vv
0x01b3dc78: 472d491b 00000000 01b3dce0 7673e4c0 .I-G..........sv
0x01b3dc88: 0072c800 00000000 00000006 00200001 ..r........... .
0x01b3dc98: 00000000 01900000 00000001 30e3da7b ............{..0
0x01b3dca8: 01b3de44 773c24b0 00000000 01b3dd18 D....$<w........
0x01b3dcb8: 767615b0 00000000 00072ce6 00000000 ..vv.....,......
0x01b3dcc8: 01b3dca4 01b3d3f8 01b3dd30 767615b0 ........0.....vv
0x01b3dcd8: 472d49fb fffffffe 01b3dd20 76748b09 .I-G.... .....tv
0x01b3dce8: 024af9d0 00000000 00000006 00200001 ..J........... .
0x01b3dcf8: 00000000 0072c800 00000400 00000001 ......r.........
0x01b3dd08: 00000000 00000000 01b3dd24 00000000 ........$.......
0x01b3dd18: 00000000 30e3dbbb 01b3dd8c 773b08c6 .......0......;w
0x01b3dd28: 01b3dd3c 00000020 01b3de0c 773b0810 <... .........;w
0x01b3dd38: 01b3dd60 024af9d0 00000000 00000006 `.....J.........
0x01b3dd48: 00200001 00000000 0072c800 773c24b0 .. .......r..$<w
0x01b3dd58: 00000000 7529249c 76746ad7 01b3de44 .....$)u.jtvD...
0x01b3dd68: 00072cc4 00000400 00007fff 00000003 .,..............
0x01b3dd78: 01b3e0e8 01900000 01b3e0e8 130cd6c0 ................
0x01b3dd88: 00000000 01b3ddc4 76746a6d 00000400 ........mjtv....
0x01b3dd98: 00007fff 00000003 00000000 01b3e0e8 ................
0x01b3dda8: 01b3de44 01b3e0e8 01c5a008 130cd608 D...............
0x01b3ddb8: 00000000 01900000 00000000 01b3de1c ................
0x01b3ddc8: 7716aae6 01b3de44 00072cc4 00000400 ...wD....,......
0x01b3ddd8: 00007fff 00000003 288512bc 01b3e0e8 ...........(....
0x01b3dde8: 00000000 00000002 fffffffe 01b3de10 ................
0x01b3ddf8: 7737b405 01b3e0e8 00000000 01b3dde0 ..7w............
0x01b3de08: 00000000 01b3e700 771d0330 5e1fcbc0 ........0..w...^
0x01b3de18: 00000000 01b3de60 7716ad8f 01b3de44 ....`......wD...
0x01b3de28: 00072cc4 00000400 00007fff 00000003 .,..............
0x01b3de38: 062d0313 01b3e0e8 751dd820 cfe41e04 ..-..... ..u....
0x01b3de48: 752924ac 767485f6 00005dff 76748600 .$)u..tv.]....tv
0x01b3de58: 30e3d8c7 00000440 01b3de84 7716b2a5 ...0@..........w
0x01b3de68: 10963640 106dfbc0 01b3e0e8 106dfbc0 @6....m.......m.
0x01b3de78: 062d0313 ffffffff 28851224 01b3df44 ..-.....$..(D...
0x01b3de88: 77157301 01b3ded0 00000002 01b3dec8 .s.w............
0x01b3de98: 10963640 01c2b450 130405b0 00000381 @6..P...........
0x01b3dea8: 00000381 10963640 00000002 1081240c ....@6.......$..
0x01b3deb8: 00000000 01b3e214 00000000 106dfbc0 ..............m.
0x01b3dec8: ffffffff 01b3e0e8 0000080c 00000810 ................
0x01b3ded8: 10745fc0 00000000 00000000 00000000 ._t.............
0x01b3dee8: 00000000 01b3df00 00000000 00000000 ................
0x01b3def8: 00000000 00000000 01c20000 00000000 ................
0x01b3df08: 12fd77a8 771afbe7 288513b4 01b3df20 .w.....w...( ...
0x01b3df18: 771cf9a3 12fd77a8 01b3df38 7714ae31 ...w.w..8...1..w
0x01b3df28: 12fd77a8 00000136 00000000 000000c0 .w..6...........
0x01b3df38: 46000000 28851204 00000001 01b3e058 ...F...(....X...
0x01b3df48: 77168306 1081240c 77168160 01b3e214 ...w.$..`..w....
0x01b3df58: 10963640 771483ee 01b3e1ec 00000000 @6.....w........
0x01b3df68: 01b3e214 00000000 01b3e214 13039560 ............`...
0x01b3df78: 00000000 00000000 062d0313 00000000 ..........-.....
0x01b3df88: 00000000 ffffffff ffffffff 00000000 ................
0x01b3df98: 00000000 00000000 00000000 00000000 ................
0x01b3dfa8: 00000000 00000000 00000136 00000000 ........6.......
0x01b3dfb8: 000000c0 46000000 2885137c e7da6605 .......F|..(.f..
0x01b3dfc8: 00000272 e7da6605 8a6cb56c 01b3e008 r....f..l.l.....
0x01b3dfd8: 77397269 770f55e8 0000001e 017c0b54 ir9w.U.w....T.|.
0x01b3dfe8: 0000001e 00000001 017b0000 01b3e044 ..........{.D...
0x01b3dff8: 00000000 770f55e8 017b32bc 017b0000 .....U.w.2{...{.
0x01b3e008: 01b3e024 77397166 0000001e 01b3e05f $...fq9w...._...
0x01b3e018: 770cc5f8 017b0000 00000040 01b3e04c ...w..{.@...L...
0x01b3e028: 77379376 00000000 01b3e05f 01b3e044 v.7w...._...D...
0x01b3e038: 00005dff 01c2b450 10963640 00140014 .]..P...@6......
0x01b3e048: 017b9388 01b3e060 771d0d5d 288513fc ..{.`...]..w...(
0x01b3e058: 01b3e1c8 77167bef 01b3e214 01b3e1ec .....{.w........
0x01b3e068: 10963640 01b3e300 01b3e214 16de550d @6...........U..
0x01b3e078: 00000000 01b3e214 01b3e1ec 00000000 ................
0x01b3e088: 01c2b450 00000000 000000c0 46000000 P..............F
0x01b3e098: 574f454d 00000004 000001a2 00000000 MEOW............
0x01b3e0a8: 000000c0 46000000 00000338 00000000 .......F8.......
0x01b3e0b8: 000000c0 46000000 00000000 00001bd8 .......F........
0x01b3e0c8: 00000010 770f02d0 77145c90 77145dfc .......w.\.w.].w
0x01b3e0d8: 28852c7c 01b3e10c 771467fe 770f02d0 |,.(.....g.w...w
0x01b3e0e8: 770c4704 00000001 00000000 00000000 .G.w............
0x01b3e0f8: 00000000 00000000 80010115 01b3e158 ............X...
0x01b3e108: 00000000 00000000 00000000 77388480 ..............8w
0x01b3e118: 00000000 00000000 00005dff 45277d21 .........]..!}'E
0x01b3e128: 408863cc f8914989 264f920c 00000000 .c.@.I....O&....
0x01b3e138: 00000000 00000000 062d0313 00000000 ..........-.....
0x01b3e148: 00000000 00000000 00000000 12fd78c8 .............x..
0x01b3e158: 00000000 00000000 00000000 00000000 ................
0x01b3e168: 00000000 01b3e178 771cf9a3 13039560 ....x......w`...
0x01b3e178: 01b3e1c8 771b472d 13039560 0000001c ....-G.w`.......
0x01b3e188: 01b3e300 771b4590 771b471f 00001c08 .....E.w.G.w....
0x01b3e198: 00000000 12eda0c4 12eda0c0 00001c30 ............0...
0x01b3e1a8: 00000000 01b3e1b4 01b3ec44 000001a2 ........D.......
0x01b3e1b8: 00000000 000000c0 46000000 28852cd4 ...........F.,.(
0x01b3e1c8: 01b3e1f4 770e3045 01b3e214 01b3e1ec ....E0.w........
0x01b3e1d8: 01b3ec44 01b3e440 770e2f70 10963640 D...@...p/.w@6..
0x01b3e1e8: 01b3e214 00000000 28852d54 01b3e710 ........T-.(....
0x01b3e1f8: 74be5a9a 12eb9004 01b3e300 08204b0d .Z.t.........K .
0x01b3e208: 00000000 01b3e748 01b3ec6c 10963640 ....H...l...@6..
0x01b3e218: 00000010 00000000 00001c18 00008004 ................
0x01b3e228: 00000000 01c79d08 01b3e678 01b3e4a0 ........x.......
0x01b3e238: 77297d08 00000000 01b3ec44 7710f832 .})w....D...2..w
0x01b3e248: 00000000 01902000 00000000 00000000 ..... ..........
0x01b3e258: 01b3e494 01c2b450 00000014 00000001 ....P...........
0x01b3e268: 01b3e494 771144ea 00000000 77297d08 .....D.w.....})w
0x01b3e278: 00000000 01b3e300 01b3e300 00000000 ................
0x01b3e288: 7710f832 00000000 00000000 00000000 2..w............
0x01b3e298: 01902000 00000000 00000000 01b3e300 . ..............
0x01b3e2a8: 00000000 01b3e300 01b3ec44 00000000 ........D.......
0x01b3e2b8: 01c58a60 01c20000 0000000c 00000000 `...............
0x01b3e2c8: 00000000 770cb0b8 01b3e3b8 74c167b0 .......w.....g.t
0x01b3e2d8: 00000004 00000000 01c58a60 0c49e530 ........`...0.I.
0x01b3e2e8: 106d7a4c 01c20000 00000004 01b3ec44 Lzm.........D...
0x01b3e2f8: 00000000 00000001 01b3e214 12edbcd0 ................
0x01b3e308: 00000000 00000000 00000000 00001c40 ............@...
0x01b3e318: 00000000 00000000 00000001 00000000 ................
0x01b3e328: 00000000 00000000 00000000 00000000 ................
0x01b3e338: 0001000c 00000000 00000000 00000000 ................
0x01b3e348: 771d0910 771d0900 01b3e748 00000000 ...w...wH.......
0x01b3e358: 00000000 00000000 770cbfd0 00000000 ...........w....
0x01b3e368: 00000000 00000000 00000140 00000000 ........@.......
0x01b3e378: 00000000 00000000 00000000 12fba808 ................
0x01b3e388: 00000000 00000000 00000000 00000000 ................
0x01b3e398: 00000000 00000003 01b3d1c0 00000000 ................
0x01b3e3a8: 00000000 00000000 00000000 00000000 ................
0x01b3e3b8: 00000000 00000000 00000000 01b3e440 ............@...
0x01b3e3c8: 00000000 00000000 00000000 00000000 ................
0x01b3e3d8: 00000000 74c02d4c 1073a0fc 1073a078 ....L-.t..s.x.s.
0x01b3e3e8: 01c58a9c 00000060 00000001 00000000 ....`...........
0x01b3e3f8: 7710dd9a 13039538 74c02bad 01b3ec44 ...w8....+.tD...
0x01b3e408: 00000000 00000000 00000000 770f48cc .............H.w
0x01b3e418: 00000000 01b3e440 00000000 00000000 ....@...........
0x01b3e428: 12eb9004 106d8178 770f48cc 01b3e300 ....x.m..H.w....
0x01b3e438: 00000004 7710f832 8a885d04 0000006c ....2..w.]..l...
0x01b3e448: 770f48be 770f48b4 00000004 770f48cc .H.w.H.w.....H.w
0x01b3e458: 01b3e748 00000c33 00000000 770f48be H...3........H.w
0x01b3e468: 7710dd9a 00000022 00000000 00000000 ...w"...........
0x01b3e478: 00000000 00000001 00000014 00000000 ................
0x01b3e488: 00000000 00000000 00000000 74bfb520 ............ ..t
0x01b3e498: 00000000 00000000 00000000 00000000 ................
0x01b3e4a8: 74c1f2b0 74c1f3a0 00000000 00000000 ...t...t........
0x01b3e4b8: 00000000 00000000 00000000 00000000 ................
0x01b3e4c8: 00000000 00000000 00000000 01b3e4e8 ................
0x01b3e4d8: 01b3e4d8 01b3e4d8 000001f8 00000000 ................
0x01b3e4e8: 00000011 00000001 1073a0fc 1073a078 ..........s.x.s.
0x01b3e4f8: 00000000 01b3e51c 74c0bc32 1073a0fc ........2..t..s.
0x01b3e508: 1073a078 0000000a 00000000 00000000 x.s.............
0x01b3e518: 00000000 01b3e5ac 74c01418 770f13a8 ...........t...w
0x01b3e528: 00000006 0000000a 00000000 00000000 ................
0x01b3e538: 00000000 00000000 00000003 00000000 ................
0x01b3e548: 00000001 00000001 00000000 00000000 ................
0x01b3e558: 00000000 00000000 00000001 00000000 ................
0x01b3e568: 00000000 00000000 74c01431 01b3f5ec ........1..t....
0x01b3e578: 00000000 77387447 3fc4cdf6 00001928 ....Gt8w...?(...
0x01b3e588: 01c20000 00001920 00000001 00000000 .... ...........
0x01b3e598: 02000002 00000000 af00ec43 00000006 ........C.......
0x01b3e5a8: 082049b1 01b3e680 02000002 1073a078 .I .........x.s.
0x01b3e5b8: af00ec43 00000000 7717b691 ffff16e2 C..........w....
0x01b3e5c8: 01c24272 7717b239 770f00a0 12fba628 rB..9..w...w(...
0x01b3e5d8: 7717b24c 1081234c 43000142 00000000 L..wL#..B..C....
0x01b3e5e8: 107f0390 130d54f0 28852ac0 00000000 .....T...*.(....
0x01b3e5f8: 00000000 00000323 0d080401 00000006 ....#...........
0x01b3e608: 0000000a 00000035 01c20000 00000001 ....5...........
0x01b3e618: 01c27024 00000000 00000000 000007ff $p..............
0x01b3e628: 00000401 01c200c0 01c2707c 00000000 ........|p......
0x01b3e638: 00000000 00000004 00001928 01b3e674 ........(...t...
0x01b3e648: 000000c2 00000000 00000381 00000000 ................
0x01b3e658: 01000100 00000001 00000401 12eda048 ............H...
0x01b3e668: 00000001 00000000 00000000 130d54e8 .............T..
0x01b3e678: 130d54e8 00180002 130d54f0 130d54f0 .T.......T...T..
0x01b3e688: fffffffe 0000001c 008123cc 10000000 .........#......
0x01b3e698: 000000dc 0000003b 00000000 00002348 ....;.......H#..
0x01b3e6a8: 01c200c0 00000000 0000005c 01c26fe8 ........\....o..
0x01b3e6b8: 28852a1c 00000001 01b3f5ec 773b67b0 .*.(.........g;w
0x01b3e6c8: 4934a9fe fffffffe 01b3e710 77385c95 ..4I.........\8w
0x01b3e6d8: 00001920 00001928 01c27b90 00000000  ...(....{......
0x01b3e6e8: 770efa48 01b3ea70 01b3e714 08204b0d H..wp........K .
0x01b3e6f8: 01b3e204 00000000 01b3f5ec 74c24aa0 .............J.t
0x01b3e708: 7d5b0c3d 00000001 01b3e730 770e3a80 =.[}....0....:.w
0x01b3e718: 770cbfd0 770f48b4 01b3e748 770ceff4 ...w.H.wH......w
0x01b3e728: 01b3ec44 00000014 01b3e740 771d2abf D.......@....*.w
0x01b3e738: 01b3e748 00000004 01b3e7b0 7713fe79 H...........y..w
0x01b3e748: 12eb9004 00000000 01b3ec44 01b3e7a4 ........D.......
0x01b3e758: 01b3ec44 770c3400 00000000 00000014 D....4.w........
0x01b3e768: 00000000 00000000 01b3ec4c 01b3ef80 ........L.......
0x01b3e778: 01b3f134 01b3f150 00000000 00000000 4...P...........
0x01b3e788: 00003d4c 13039650 d17ae490 000002d3 L=..P.....z.....
0x01b3e798: 130d54f0 00000c90 00000000 00000000 .T..............
0x01b3e7a8: 00000000 28852bc4 01b3ea10 77142ed6 .....+.(.......w
0x01b3e7b8: 01b3ec44 01b3f2e8 00000000 00000000 D...............
0x01b3e7c8: 00000000 00000000 00000000 00000000 ................
0x01b3e7d8: 00000000 00000000 00000000 00000000 ................
0x01b3e7e8: 00000000 00000000 00000000 00000000 ................
0x01b3e7f8: 00000000 00000000 00000000 00000000 ................
0x01b3e808: 00000000 00000000 00000000 00000000 ................
0x01b3e818: 00000000 00000000 00000000 00000000 ................
0x01b3e828: 00000000 00000000 00000000 00000000 ................
0x01b3e838: 00000000 00000000 00000000 00000000 ................
0x01b3e848: 00000000 00000000 00000000 00000000 ................
0x01b3e858: 00000000 00000000 00000000 00000000 ................
0x01b3e868: 00000000 00000000 00000000 00000000 ................
0x01b3e878: 00000000 00000000 00000000 00000000 ................
0x01b3e888: 00000000 00000000 00000000 00000000 ................
0x01b3e898: 00000000 00000000 00000000 00000000 ................
0x01b3e8a8: 00000000 00000000 00000000 00000000 ................
0x01b3e8b8: 00000000 00000000 00000000 00000000 ................
0x01b3e8c8: 00000000 00000000 00000000 00000000 ................
0x01b3e8d8: 00000000 00000000 00000000 00000000 ................
0x01b3e8e8: 00000000 00000000 00000000 00000000 ................
0x01b3e8f8: 00000000 00000000 00000000 00000000 ................
0x01b3e908: 00000000 00000000 00000000 00000000 ................
0x01b3e918: 00000000 00000000 00000000 00000000 ................
0x01b3e928: 00000000 00000000 00000000 00000000 ................
0x01b3e938: 00000000 00000000 00000000 00000000 ................
0x01b3e948: 00000000 00000000 00000000 00000000 ................
0x01b3e958: 00000000 00000000 00000000 00000000 ................
0x01b3e968: 00000000 00000000 00000000 00000000 ................
0x01b3e978: 00000000 00000000 00000000 00000000 ................
0x01b3e988: 00000000 00000000 00000000 00000000 ................
0x01b3e998: 00000000 00000000 00000000 00000000 ................
0x01b3e9a8: 00000000 00000000 00000000 00000000 ................
0x01b3e9b8: 00000000 00000000 00000000 00000000 ................
0x01b3e9c8: 00000000 00000000 00000000 00000000 ................
0x01b3e9d8: 00000000 00000000 00000000 77142e11 ...............w
0x01b3e9e8: 01b3ec44 77142d80 00000000 00000000 D....-.w........
0x01b3e9f8: 00000000 01b3ea70 00000000 00000000 ....p...........
0x01b3ea08: 77143050 288526b0 01b3ea5c 77146de2 P0.w.&.(\....m.w
0x01b3ea18: 77297258 00000000 01b3ec44 01b3f2e8 Xr)w....D.......
0x01b3ea28: 00000000 00000014 00000001 01b3ea5c ............\...
0x01b3ea38: 77145f50 01b3efdc 01b3f2e8 01b3ec54 P_.w........T...
0x01b3ea48: 00000014 00000000 77145f6a 288526fc ........j_.w.&.(
0x01b3ea58: 288526fc 01b3f3c0 771877a0 01b3ec44 .&.(.....w.wD...
0x01b3ea68: 00000000 01b3f2e8 770c339c 770c33e0 .........3.w.3.w
0x01b3ea78: 770c33f0 00000003 00000338 00000000 .3.w....8.......
0x01b3ea88: 000000c0 46000000 00000000 00000000 .......F........
0x01b3ea98: 00000001 00001bd0 000000c0 00000000 ................
0x01b3eaa8: 00000000 00000006 00000000 00000000 ................
0x01b3eab8: 00000000 00000000 01b3eb48 01b3ec08 ........H.......
0x01b3eac8: 00000000 00000000 00000000 00000000 ................
0x01b3ead8: 00000000 00000000 00000000 00000000 ................
0x01b3eae8: 00000000 00000000 00000000 00000000 ................
0x01b3eaf8: 00000000 00000000 00001bd8 00000000 ................
0x01b3eb08: 00000001 00000000 bb73c044 01b3f154 ........D.s.T...
0x01b3eb18: 01b3efe0 01b3f0c4 01b3efb4 01b3ef84 ................
0x01b3eb28: 01b3f138 00000000 00000000 00000000 8...............
0x01b3eb38: 00000000 00000000 00000000 00000006 ................
0x01b3eb48: 000001b9 00000000 000000c0 46000000 ...............F
0x01b3eb58: 000001ab 00000000 000000c0 46000000 ...............F
0x01b3eb68: 000001a5 00000000 000000c0 46000000 ...............F
0x01b3eb78: 000001a4 00000000 000000c0 46000000 ...............F
0x01b3eb88: 000001a6 00000000 000000c0 46000000 ...............F
0x01b3eb98: 000001aa 00000000 000000c0 46000000 ...............F
0x01b3eba8: 00000000 00000000 0c337048 01b3ee48 ........Hp3.H...
0x01b3ebb8: 771807ec 00000000 00000000 77298a61 ...w........a.)w
0x01b3ebc8: 77298a60 772961a0 00000004 00000000 `.)w.a)w........
0x01b3ebd8: 00000000 00000000 00000000 00000000 ................
0x01b3ebe8: 00000000 00000000 00000000 00000000 ................
0x01b3ebf8: 00000000 00000000 00000000 00000000 ................
0x01b3ec08: 00000068 00000058 00000090 00000020 h...X....... ...
0x01b3ec18: 00000020 00001980 00000000 00000000  ...............
0x01b3ec28: 00000000 00000000 00000000 00000000 ................
0x01b3ec38: 000000c0 00000000 00000000 770c3400 .............4.w
0x01b3ec48: 770c3448 770c3460 00000002 00000000 H4.w`4.w........
0x01b3ec58: 00000000 00000014 00000001 00000000 ................
0x01b3ec68: 00000000 00000000 00000000 10a3e518 ................
0x01b3ec78: 00000000 01b3efdc 00000000 01b3f0c0 ................
0x01b3ec88: 01b3efb0 00000000 01b3f150 00000000 ........P.......
0x01b3ec98: 00000000 00000000 770c3480 770c34c0 .........4.w.4.w
0x01b3eca8: 770c34d0 00000001 00000339 00000000 .4.w....9.......
0x01b3ecb8: 000000c0 46000000 00000000 00000000 .......F........
0x01b3ecc8: 00000001 00000000 00000000 00000000 ................
0x01b3ecd8: 00000004 00000000 00000000 00000000 ................
0x01b3ece8: 00000000 00000000 00000000 00000000 ................
0x01b3ecf8: 00000000 00000000 00000000 00000000 ................
0x01b3ed08: 00000000 00000000 00000000 00000000 ................
0x01b3ed18: 00000000 00000000 00000000 00000000 ................
0x01b3ed28: 00000000 00000000 00000030 00000000 ........0.......
0x01b3ed38: 00000000 00000001 00000000 00000000 ................
0x01b3ed48: 00000000 00000000 00000000 00000000 ................
0x01b3ed58: 00000000 00000000 00000000 00000000 ................
0x01b3ed68: 00000000 00000000 00000000 00000000 ................
0x01b3ed78: 12fd6aac 000fffff 017a0aa4 00000000 .j........z.....
0x01b3ed88: 017a01d0 00000014 017a0aa0 00380036 ..z.......z.6.8.
0x01b3ed98: 01b3edd0 77385c0c 00000024 00000000 .....\8w$.......
0x01b3eda8: 0c337048 77385b00 00000014 00000030 Hp3..[8w....0...
0x01b3edb8: 00000000 00000000 00000006 00000002 ................
0x01b3edc8: 00000000 12fd7988 01b3ede4 77385b32 .....y......2[8w
0x01b3edd8: 00000000 00000000 12fd7988 0c337048 .........y..Hp3.
0x01b3ede8: 771dce70 01b3ee24 7718048b 0c337048 p..w$......wHp3.
0x01b3edf8: 00000014 01b3ee48 7718049a 01b3ee40 ....H......w@...
0x01b3ee08: 00000000 01b3ee44 00000014 0000000e ....D...........
0x01b3ee18: 00000000 8bc3f05e 28852284 01b3ee80 ....^....".(....
0x01b3ee28: 77180707 01b3ee48 00000014 01b3ef88 ...wH...........
0x01b3ee38: 10a3e518 01b3ef24 6b637453 00000014 ....$...Stck....
0x01b3ee48: 8bc3f05e 11d0d86b c00075a0 2088b64f ^...k....u..O.. 
0x01b3ee58: 00000000 fffffffe 77180d6d 77180696 ........m..w...w
0x01b3ee68: 01b3f3ac 00000000 7718072e 770c34e0 ...........w.4.w
0x01b3ee78: 770c3508 00000000 770c3518 00000000 .5.w.....5.w....
0x01b3ee88: 00000000 00000000 00000000 00000000 ................
0x01b3ee98: 00000000 00000000 00000000 01b3f21c ................
0x01b3eea8: 8bc3f05e 11d0d86b c00075a0 2088b64f ^...k....u..O.. 
0x01b3eeb8: 00000000 7718154c 77183d10 00000014 ....L..w.=.w....
0x01b3eec8: 77181bd4 01b3ef68 01b3ef28 00000040 ...wh...(...@...
0x01b3eed8: 77381efc 00000000 00000000 01b3f024 ..8w........$...
0x01b3eee8: 77381e40 00000000 00000000 00000000 @.8w............
0x01b3eef8: 00000000 00000000 017d1738 000007a0 ........8.}.....
0x01b3ef08: 00000000 00000018 00000003 00000000 ................
0x01b3ef18: 00000002 00000000 00000002 00000000 ................
0x01b3ef28: 77298608 00000000 00000000 00000000 ..)w............
0x01b3ef38: 00000000 01b30000 77380000 00000003 ..........8w....
0x01b3ef48: 00000000 00000000 00000000 00000000 ................
0x01b3ef58: 770c353c 770c3564 00000000 00000000 <5.wd5.w........
0x01b3ef68: 00000000 00000000 00000000 00000000 ................
0x01b3ef78: 00000000 770c3588 770c35e4 770c35f8 .....5.w.5.w.5.w
0x01b3ef88: 01b3ea74 00000000 00000001 00000000 t...............
0x01b3ef98: 00000000 00000000 00000000 00000000 ................
0x01b3efa8: 00000000 00000000 770c361c 770c3650 .........6.wP6.w
0x01b3efb8: 01b3ea74 00000000 00000001 00000000 t...............
0x01b3efc8: 00000000 00000000 00000000 00000000 ................
0x01b3efd8: 00000000 770c3674 770c3684 01b3ea74 ....t6.w.6.wt...
0x01b3efe8: 00000000 00000001 8bc3f05e 11d0d86b ........^...k...
0x01b3eff8: c00075a0 2088b64f 00000014 00000000 .u..O.. ........
0x01b3f008: 00000000 00000001 00000000 01b3f020 ............ ...
0x01b3f018: 00000058 00070005 f309ad18 11d0d86a X...........j...
0x01b3f028: c00075a0 2088b64f aa001f89 00000000 .u..O.. ........
0x01b3f038: 00000000 00000000 3fc4db52 00000000 ........R..?....
0x01b3f048: 74ad0000 00000001 770c000c 74ad0100 ...t.......w...t
0x01b3f058: 00000000 01b3f040 00000000 01b3f3c8 ....@...........
0x01b3f068: 773b67b0 4934aa4e fffffffe 01b3f0b8 .g;wN.4I........
0x01b3f078: 7737eb45 00000001 74ad0000 00000000 E.7w.......t....
0x01b3f088: 00000000 01b3f0ac 01c2ab08 00000000 ................
0x01b3f098: 00000000 01c2dac0 7738041a 01b3f0f0 ..........8w....
0x01b3f0a8: 74ad0000 74ad0100 00000000 00002963 ...t...t....c)..
0x01b3f0b8: 01b3f14c 773c1e39 770c36a8 770c36d8 L...9.<w.6.w.6.w
0x01b3f0c8: 01b3ea74 00000000 00000001 770c36fc t............6.w
0x01b3f0d8: 00000000 00000000 00000000 00000000 ................
0x01b3f0e8: 0c450488 00000000 00000000 00000000 ..E.............
0x01b3f0f8: 00000000 00000000 01c44338 00000000 ........8C......
0x01b3f108: 00000000 770c370c 770c3740 00000000 .....7.w@7.w....
0x01b3f118: 00000000 00000000 00000000 00000000 ................
0x01b3f128: 00000000 00000000 00000000 770c3764 ............d7.w
0x01b3f138: 770c378c 01b3ea74 00000000 00000001 .7.wt...........
0x01b3f148: 01b3e788 00000000 770c37b0 770c381c .........7.w.8.w
0x01b3f158: 01b3ea74 00000000 00000001 00000000 t...............
0x01b3f168: 00000001 00000000 00000000 00000000 ................
0x01b3f178: 00000002 00000000 00000000 00000000 ................
0x01b3f188: 00000000 00000000 00000014 00000002 ................
0x01b3f198: 00000000 00000000 00000000 00000000 ................
0x01b3f1a8: 00000000 00000000 00000000 00000000 ................
0x01b3f1b8: 00000000 00000000 770c3840 770c385c ........@8.w\8.w
0x01b3f1c8: 00000000 00000000 00000000 00000000 ................
0x01b3f1d8: 00000000 01b3f448 770c3880 770c3894 ....H....8.w.8.w
0x01b3f1e8: 00000000 00000000 00000000 770f07ac ...............w
0x01b3f1f8: 00000000 00000000 770c38b8 770c38d4 .........8.w.8.w
0x01b3f208: 00000000 00000000 00000000 77184eb0 .............N.w
0x01b3f218: 00000000 00000000 00000000 00000000 ................
0x01b3f228: 00000000 10a3e518 00000000 771875ac .............u.w
0x01b3f238: 00000014 01c2b450 00000000 1029f900 ....P.........).
0x01b3f248: 000000dc 05f20000 0fcbd1f8 00000002 ................
0x01b3f258: 000003e6 00000028 6af86903 00000000 ....(....i.j....
0x01b3f268: 00c83e30 05f20000 0fcf6bd8 00000002 0>.......k......
0x01b3f278: 00000000 01b3f39c 41e90f3e 463356c1 ........>..A.V3F
0x01b3f288: 8b6ec381 70dd8bac 770f07ac 00000008 ..n....p...w....
0x01b3f298: 00000000 00000014 00000000 00000000 ................
0x01b3f2a8: 01b3f30c 00000000 01b3f580 00000001 ................
0x01b3f2b8: 00000020 00000000 00000000 00000000  ...............
0x01b3f2c8: 00000001 01b3f450 01c44338 00000000 ....P...8C......
0x01b3f2d8: 00000000 00000000 00000000 00000000 ................
0x01b3f2e8: 00000000 00000000 00000000 00000000 ................
0x01b3f2f8: 80004005 80004002 01b3f4c0 00000000 .@...@..........
0x01b3f308: 00000000 00000000 00000000 00000000 ................
0x01b3f318: 01b3ea70 77145f00 00000000 00000000 p...._.w........
0x01b3f328: 00000000 00000000 00000001 00000000 ................
0x01b3f338: f309ad18 11d0d86a c00075a0 2088b64f ....j....u..O.. 
0x01b3f348: 00000000 00000000 00000000 00000000 ................
0x01b3f358: 00000001 00000000 01b3f328 01b3f330 ........(...0...
0x01b3f368: 01b3f338 00000000 00000000 00000000 8...............
0x01b3f378: 00000000 00000000 00000000 00000000 ................
0x01b3f388: 00000000 00000000 770c3840 770c385c ........@8.w\8.w
0x01b3f398: 00000000 8bc3f05e 11d0d86b c00075a0 ....^...k....u..
0x01b3f3a8: 2088b64f 8bc3f05e 11d0d86b c00075a0 O.. ^...k....u..
0x01b3f3b8: 2088b64f 28853f60 01b3f474 77186ba2 O.. `?.(t....k.w
0x01b3f3c8: 00000014 00000000 00000001 00000000 ................
0x01b3f3d8: 01b3f4c0 00000000 00000000 00000000 ................
0x01b3f3e8: 00000000 00000000 01c2b450 6f5a11e8 ........P.....Zo
0x01b3f3f8: 00000000 00000000 00000000 01b3f4c0 ................
0x01b3f408: 00000000 00000000 00000000 00000000 ................
0x01b3f418: 00000000 10928c40 12ec32c0 6f5a32e8 ....@....2...2Zo
0x01b3f428: 017a0000 017a0000 12ec32a0 0000001f ..z...z..2......
0x01b3f438: 12ec32bc 0000003d 017a0cac 00000000 .2..=.....z.....
0x01b3f448: 017a01c0 00000020 017a0ca8 01b3f498 ..z. .....z.....
0x01b3f458: 01b3f490 77385c0c 00000004 00000000 .....\8w........
0x01b3f468: 00000002 28853f4c 106d7bd8 01b3f498 ....L?.(.{m.....
0x01b3f478: 771c686f 00000014 00000000 00000001 oh.w............
0x01b3f488: 01b3f4c0 00000000 106d7bd8 01c2b450 .........{m.P...
0x01b3f498: 01b3f4cc 6f5a2069 6f5a11e8 00000000 ....i Zo..Zo....
0x01b3f4a8: 00000014 00000000 00000001 01b3f4c0 ................
0x01b3f4b8: 00000000 00000000 6f5a11f8 00000000 ..........Zo....
0x01b3f4c8: 80004002 01b3f5f8 6f5a23e3 01b3f520 .@.......#Zo ...
0x01b3f4d8: 00000001 00000000 d003baa0 106d7bd8 .............{m.
0x01b3f4e8: 106d7bd8 130396f4 00000000 00000000 .{m.............
0x01b3f4f8: 00000000 00000000 00000000 00000000 ................
0x01b3f508: 00000000 00000000 00000000 00000000 ................
0x01b3f518: dc12a687 11cf737f 00000000 12ec34c0 .....s.......4..
0x01b3f528: 01b3f54c 00000000 00000000 00000000 L...............
0x01b3f538: 00000001 00000000 01b3f508 6f5a11d0 ..............Zo
0x01b3f548: 7738041a 00000009 00000000 130395d8 ..8w............
0x01b3f558: 00000000 00000003 00000000 00000000 ................
0x01b3f568: 773804f2 01b3f580 01b3f70c 00000000 ..8w............
0x01b3f578: 773804d4 4590f811 00000000 01c20000 ..8w...E........
0x01b3f588: 00000002 130395d8 00000000 00000000 ................
0x01b3f598: 6f5a11d0 12ec34c0 00000000 130395d8 ..Zo.4..........
0x01b3f5a8: 00000000 00000001 106d7a4c 00000000 ........Lzm.....
0x01b3f5b8: 017a0000 017a0000 12ec34c0 106d7bd8 ..z...z..4...{m.
0x01b3f5c8: 00010044 00000000 007a089c 00000000 D.........z.....
0x01b3f5d8: 017a01c4 00000000 017a0898 773692e9 ..z.......z...6w
0x01b3f5e8: d003baa0 01b3f66c 6f5a3f42 00000005 ....l...B?Zo....
0x01b3f5f8: 01b3f628 6f5a1ba9 130396f4 00000000 (.....Zo........
0x01b3f608: 00000000 00000000 00000000 00000000 ................
0x01b3f618: 00000000 01b3f70c 6f5a3de0 106d7bd8 .........=Zo.{m.
0x01b3f628: 01b3f678 6f5a2a1f 130396f4 00000000 x....*Zo........
0x01b3f638: 00000000 00000000 00000000 00000000 ................
0x01b3f648: 00000000 01b3f70c d003b920 01b3f70c ........ .......
0x01b3f658: 12ec3460 00000000 106d7bd8 00000000 `4.......{m.....
0x01b3f668: d003b920 01b3fd44 6f5a3f83 ffffffff  ...D....?Zo....
0x01b3f678: 01b3f6b8 004da4f2 12ec3460 130396f4 ......M.`4......
0x01b3f688: 00000000 00000000 00000000 00000000 ................
0x01b3f698: 00000000 00000000 01b3f70c 0000000f ................
0x01b3f6a8: 00000000 00000010 03a981a0 12ec3460 ............`4..
0x01b3f6b8: 01b3f710 004dbfed 00000010 053402a0 ......M.......4.
0x01b3f6c8: 00000000 004c8143 03bc5f50 015b3370 ....C.L.P_..p3[.
0x01b3f6d8: 015b4a10 03bc5f60 01b3f6f8 004cb7f4 .J[.`_........L.
0x01b3f6e8: 03bc5f00 00000010 053402a0 00000000 ._........4.....
0x01b3f6f8: 00000000 0000000f 00000000 01b3f7e4 ................
0x01b3f708: 01b3f844 00000000 01b3f844 00acd26b D.......D...k...
0x01b3f718: 053402a0 053402a0 00000000 03b23680 ..4...4......6..
0x01b3f728: 03b23680 015b3370 01b3f758 004cb5e2 .6..p3[.X.....L.
0x01b3f738: 03b23680 01b3f7e8 342e3575 3266322e .6......u5.4.2f2
0x01b3f748: 00000000 03b23680 00000008 0000000f .....6..........
0x01b3f758: 00000000 03bc5f60 03b23680 00000030 ....`_...6..0...
0x01b3f768: 00000030 00000020 0000002f 00000000 0... .../.......
0x01b3f778: 03bc5f60 053402b0 0000000f 004ccc92 `_....4.......L.
0x01b3f788: 00000020 0000002f 00000000 646e6957  .../.......Wind
0x01b3f798: 5073776f 6579616c 01b30072 0000000d owsPlayer.......
0x01b3f7a8: 0000000f 00000000 00000030 00000010 ........0.......
0x01b3f7b8: 01b3f7e8 00000000 012d095c 0000004b ........\.-.K...
0x01b3f7c8: 01b3f7f0 00000042 00000000 00000010 ....B...........
0x01b3f7d8: 01b3f7e8 00000000 012d095c 00000042 ........\.-.B...
0x01b3f7e8: 00000000 03ae0700 01b3f828 00380156 ........(...V.8.
0x01b3f7f8: 00000030 00000000 00000024 342e3500 0.......$....5.4
0x01b3f808: 3266322e 03b23600 004cbc22 00000000 .2f2.6..".L.....
0x01b3f818: 0000000f 00000000 03bc5e00 01b3f844 .........^..D...
0x01b3f828: 00380fff 03b23680 00000000 0000000f ..8..6..........
0x01b3f838: 00000000 00000042 00000020 01b3f84c ....B... ...L...
0x01b3f848: 00acbf2a 01b3f85c 00acceb7 00000001 *...\...........
0x01b3f858: 053401b0 01b3f8d8 00ace5d0 01b3f874 ..4.........t...
0x01b3f868: 00000001 053402a0 0032967b 03b236d0 ......4.{.2..6..
0x01b3f878: 05340248 00000159 0153f348 00000024 H.4.Y...H.S.$...
0x01b3f888: 0000002f 00000000 01b3f900 00000000 /...............
0x01b3f898: 00000005 00000000 00000000 0000000f ................
0x01b3f8a8: 00000000 00000100 00000000 01b3f929 ............)...
0x01b3f8b8: 0037f7eb 00000000 0000000f 00000000 ..7.............
0x01b3f8c8: 01b3f91c 01b3f8e0 053402a0 01b3f8e8 ..........4.....
0x01b3f8d8: 01b3f8e8 00ace6d5 00000000 0156a3a0 ..............V.
0x01b3f8e8: 01b3f904 00ace74f 00000001 27fdaa42 ....O.......B..'
0x01b3f8f8: 27fdaa42 0032967b 00000000 01b3f938 B..'{.2.....8...
0x01b3f908: 00acae55 053402a0 00000001 27fdaa42 U.....4.....B..'
0x01b3f918: 27fdaa42 0032967b 00000000 00010968 B..'{.2.....h...
0x01b3f928: 05340248 00000000 0156a3a0 00000000 H.4.......V.....
0x01b3f938: 01b3f9a0 00acbbc7 00000001 27fdaa42 ............B..'
0x01b3f948: 27fdaa42 0032967b 00000000 00000003 B..'{.2.........
0x01b3f958: 00000002 01567080 03b23600 01b3f990 .....pV..6......
0x01b3f968: 006306a7 00000000 00000000 0000000f ..c.............
0x01b3f978: 00000000 03b23600 01b3f970 01b3fd44 .....6..p...D...
0x01b3f988: 012753b0 00000000 0000000f 00000000 .S'.............
0x01b3f998: 00631584 00000000 01b3f9ac 00acbcea ..c.............
0x01b3f9a8: 00000001 01b3f9d4 00665f60 05340248 ........`_f.H.4.
0x01b3f9b8: ffffffbc 04d687e8 00000002 04d68730 ............0...

Module 1
F:\Documents\WJ\PoorExploring.exe
Image Base: 0x00370000  Image Size: 0x0140c000
File Size:  20115968    File Time:  2016-10-20_021650
Version:
   Company:    
   Product:    
   FileDesc:   
   FileVer:    5.4.2.57392
   ProdVer:    5.4.2.57392

Module 2
F:\Documents\WJ\PoorExploring_Data\Mono\mono.dll
Image Base: 0x10000000  Image Size: 0x00230000
File Size:  2113496     File Time:  2016-10-20_023134
Version:
   Company:    Unity Technologies
   Product:    libmono
   FileDesc:   Unity Technologies fork of mono runtime
   FileVer:    1.0.0.1
   ProdVer:    1.0.0.1

Module 3
C:\WINDOWS\SYSTEM32\xinput1_3.dll
Image Base: 0x00400000  Image Size: 0x00016000
File Size:  81768       File Time:  2007-04-04_185342
Version:
   Company:    Microsoft Corporation
   Product:    Microsoft® DirectX for Windows®
   FileDesc:   Microsoft Common Controller API
   FileVer:    9.18.944.0
   ProdVer:    9.18.944.0

Module 4
C:\WINDOWS\SYSTEM32\OPENGL32.dll
Image Base: 0x5b370000  Image Size: 0x000e0000
File Size:  786944      File Time:  2016-07-16_064306
Version:
   Company:    Microsoft Corporation
   Product:    Microsoft® Windows® Operating System
   FileDesc:   OpenGL Client DLL
   FileVer:    10.0.14393.0
   ProdVer:    10.0.14393.0

Module 5
C:\WINDOWS\System32\DriverStore\FileRepository\nv_dispi.inf_amd64_3f929cc119e3b994\nvwgf2um.dll
Image Base: 0x64110000  Image Size: 0x013bb000
File Size:  20748080    File Time:  2016-12-11_220320
Version:
   Company:    NVIDIA Corporation
   Product:    NVIDIA D3D10 drivers
   FileDesc:   NVIDIA D3D10 Driver, Version 376.33 
   FileVer:    21.21.13.7633
   ProdVer:    21.21.13.7633

Module 6
C:\WINDOWS\SYSTEM32\HID.DLL
Image Base: 0x65c10000  Image Size: 0x0000a000
File Size:  25600       File Time:  2016-07-16_064250
Version:
   Company:    Microsoft Corporation
   Product:    Microsoft® Windows® Operating System
   FileDesc:   Hid User Library
   FileVer:    10.0.14393.0
   ProdVer:    10.0.14393.0

Module 7
C:\WINDOWS\SYSTEM32\GLU32.dll
Image Base: 0x66480000  Image Size: 0x00025000
File Size:  141312      File Time:  2016-07-16_064306
Version:
   Company:    Microsoft Corporation
   Product:    Microsoft® Windows® Operating System
   FileDesc:   OpenGL Utility Library DLL
   FileVer:    10.0.14393.0
   ProdVer:    10.0.14393.0

Module 8
C:\WINDOWS\SYSTEM32\DCIMAN32.dll
Image Base: 0x66590000  Image Size: 0x00007000
File Size:  11776       File Time:  2016-07-16_064250
Version:
   Company:    Microsoft Corporation
   Product:    Microsoft® Windows® Operating System
   FileDesc:   DCI Manager
   FileVer:    10.0.14393.0
   ProdVer:    10.0.14393.0

Module 9
C:\WINDOWS\SYSTEM32\d3d11.dll
Image Base: 0x692c0000  Image Size: 0x0022f000
File Size:  2277248     File Time:  2016-11-11_024802
Version:
   Company:    Microsoft Corporation
   Product:    Microsoft® Windows® Operating System
   FileDesc:   Direct3D 11 Runtime
   FileVer:    10.0.14393.479
   ProdVer:    10.0.14393.479

Module 10
C:\WINDOWS\WinSxS\x86_microsoft.windows.common-controls_6595b64144ccf1df_6.0.14393.447_none_89c64d28dafea4b9\comctl32.dll
Image Base: 0x6c8e0000  Image Size: 0x0020a000
File Size:  2122080     File Time:  2016-11-02_060450
Version:
   Company:    Microsoft Corporation
   Product:    Microsoft® Windows® Operating System
   FileDesc:   User Experience Controls Library
   FileVer:    6.10.14393.447
   ProdVer:    10.0.14393.447

Module 11
C:\WINDOWS\system32\nvspcap.dll
Image Base: 0x6d860000  Image Size: 0x00164000
File Size:  1452480     File Time:  2016-12-11_220320
Version:
   Company:    NVIDIA Corporation
   Product:    NVIDIA GeForce Experience
   FileDesc:   NVIDIA Capture Server Proxy
   FileVer:    3.1.2.31
   ProdVer:    3.1.2.31

Module 12
C:\WINDOWS\System32\fwpuclnt.dll
Image Base: 0x6df50000  Image Size: 0x00049000
File Size:  279040      File Time:  2016-07-16_064256
Version:
   Company:    Microsoft Corporation
   Product:    Microsoft® Windows® Operating System
   FileDesc:   FWP/IPsec User-Mode API
   FileVer:    10.0.14393.0
   ProdVer:    10.0.14393.0

Module 13
C:\WINDOWS\SYSTEM32\dxgi.dll
Image Base: 0x6e020000  Image Size: 0x00084000
File Size:  527880      File Time:  2016-11-11_024746
Version:
   Company:    Microsoft Corporation
   Product:    Microsoft® Windows® Operating System
   FileDesc:   DirectX Graphics Infrastructure
   FileVer:    10.0.14393.479
   ProdVer:    10.0.14393.479

Module 14
C:\WINDOWS\system32\nvapi.dll
Image Base: 0x6e0b0000  Image Size: 0x00387000
File Size:  3474392     File Time:  2016-12-11_220320
Version:
   Company:    NVIDIA Corporation
   Product:    NVIDIA Windows drivers
   FileDesc:   NVIDIA NVAPI Library, Version 376.33 
   FileVer:    21.21.13.7633
   ProdVer:    21.21.13.7633

Module 15
C:\WINDOWS\SYSTEM32\WINHTTP.dll
Image Base: 0x6ee40000  Image Size: 0x000a0000
File Size:  636928      File Time:  2016-10-14_224418
Version:
   Company:    Microsoft Corporation
   Product:    Microsoft® Windows® Operating System
   FileDesc:   Windows HTTP Services
   FileVer:    10.0.14393.351
   ProdVer:    10.0.14393.351

Module 16
C:\WINDOWS\SYSTEM32\midimap.dll
Image Base: 0x6f0b0000  Image Size: 0x00008000
File Size:  18944       File Time:  2016-07-16_064250
Version:
   Company:    Microsoft Corporation
   Product:    Microsoft® Windows® Operating System
   FileDesc:   Microsoft MIDI Mapper
   FileVer:    10.0.14393.0
   ProdVer:    10.0.14393.0

Module 17
C:\WINDOWS\SYSTEM32\MSACM32.dll
Image Base: 0x6f0c0000  Image Size: 0x00018000
File Size:  90912       File Time:  2016-07-16_064250
Version:
   Company:    Microsoft Corporation
   Product:    Microsoft® Windows® Operating System
   FileDesc:   Microsoft ACM Audio Filter
   FileVer:    10.0.14393.0
   ProdVer:    10.0.14393.0

Module 18
C:\WINDOWS\SYSTEM32\msacm32.drv
Image Base: 0x6f0e0000  Image Size: 0x0000a000
File Size:  24576       File Time:  2016-07-16_064250
Version:
   Company:    Microsoft Corporation
   Product:    Microsoft® Windows® Operating System
   FileDesc:   Microsoft Sound Mapper
   FileVer:    10.0.14393.0
   ProdVer:    10.0.14393.0

Module 19
C:\WINDOWS\SYSTEM32\wintypes.dll
Image Base: 0x6f0f0000  Image Size: 0x000cf000
File Size:  846560      File Time:  2016-12-09_045926
Version:
   Company:    Microsoft Corporation
   Product:    Microsoft® Windows® Operating System
   FileDesc:   Windows Base Types DLL
   FileVer:    10.0.14393.576
   ProdVer:    10.0.14393.576

Module 20
C:\WINDOWS\SYSTEM32\AUDIOSES.DLL
Image Base: 0x6f1c0000  Image Size: 0x0007b000
File Size:  484584      File Time:  2016-11-02_070138
Version:
   Company:    Microsoft Corporation
   Product:    Microsoft® Windows® Operating System
   FileDesc:   Audio Session
   FileVer:    10.0.14393.447
   ProdVer:    10.0.14393.447

Module 21
C:\WINDOWS\SYSTEM32\AVRT.dll
Image Base: 0x6f240000  Image Size: 0x00009000
File Size:  29448       File Time:  2016-07-16_064250
Version:
   Company:    Microsoft Corporation
   Product:    Microsoft® Windows® Operating System
   FileDesc:   Multimedia Realtime Runtime
   FileVer:    10.0.14393.0
   ProdVer:    10.0.14393.0

Module 22
C:\WINDOWS\SYSTEM32\ksuser.dll
Image Base: 0x6f250000  Image Size: 0x00007000
File Size:  20672       File Time:  2016-07-16_064250
Version:
   Company:    Microsoft Corporation
   Product:    Microsoft® Windows® Operating System
   FileDesc:   User CSA Library
   FileVer:    10.0.14393.0
   ProdVer:    10.0.14393.0

Module 23
C:\WINDOWS\SYSTEM32\wdmaud.drv
Image Base: 0x6f260000  Image Size: 0x00039000
File Size:  207360      File Time:  2016-07-16_064250
Version:
   Company:    Microsoft Corporation
   Product:    Microsoft® Windows® Operating System
   FileDesc:   Winmm  audio system driver
   FileVer:    10.0.14393.0
   ProdVer:    10.0.14393.0

Module 24
C:\WINDOWS\System32\PROPSYS.dll
Image Base: 0x6f2a0000  Image Size: 0x0014f000
File Size:  1375456     File Time:  2016-07-16_064256
Version:
   Company:    Microsoft Corporation
   Product:    Windows® Search
   FileDesc:   Microsoft Property System
   FileVer:    7.0.14393.0
   ProdVer:    7.0.14393.0

Module 25
C:\WINDOWS\System32\MMDevApi.dll
Image Base: 0x6f3f0000  Image Size: 0x00058000
File Size:  352768      File Time:  2016-07-16_064250
Version:
   Company:    Microsoft Corporation
   Product:    Microsoft® Windows® Operating System
   FileDesc:   MMDevice API
   FileVer:    10.0.14393.0
   ProdVer:    10.0.14393.0

Module 26
C:\WINDOWS\system32\wbem\fastprox.dll
Image Base: 0x6f450000  Image Size: 0x000c2000
File Size:  779776      File Time:  2016-07-16_064258
Version:
   Company:    Microsoft Corporation
   Product:    Microsoft® Windows® Operating System
   FileDesc:   WMI Custom Marshaller
   FileVer:    10.0.14393.0
   ProdVer:    10.0.14393.0

Module 27
C:\WINDOWS\system32\wbem\wbemsvc.dll
Image Base: 0x6f520000  Image Size: 0x00010000
File Size:  48640       File Time:  2016-07-16_064258
Version:
   Company:    Microsoft Corporation
   Product:    Microsoft® Windows® Operating System
   FileDesc:   WMI
   FileVer:    10.0.14393.0
   ProdVer:    10.0.14393.0

Module 28
C:\WINDOWS\SYSTEM32\wbemcomn.dll
Image Base: 0x6f530000  Image Size: 0x00067000
File Size:  391168      File Time:  2016-07-16_064258
Version:
   Company:    Microsoft Corporation
   Product:    Microsoft® Windows® Operating System
   FileDesc:   WMI
   FileVer:    10.0.14393.0
   ProdVer:    10.0.14393.0

Module 29
C:\WINDOWS\system32\wbem\wbemprox.dll
Image Base: 0x6f5a0000  Image Size: 0x0000d000
File Size:  35328       File Time:  2016-07-16_064258
Version:
   Company:    Microsoft Corporation
   Product:    Microsoft® Windows® Operating System
   FileDesc:   WMI
   FileVer:    10.0.14393.0
   ProdVer:    10.0.14393.0

Module 30
C:\WINDOWS\system32\uxtheme.dll
Image Base: 0x6f9c0000  Image Size: 0x00075000
File Size:  457728      File Time:  2016-07-16_064306
Version:
   Company:    Microsoft Corporation
   Product:    Microsoft® Windows® Operating System
   FileDesc:   Microsoft UxTheme Library
   FileVer:    10.0.14393.0
   ProdVer:    10.0.14393.0

Module 31
C:\WINDOWS\System32\DEVOBJ.dll
Image Base: 0x70610000  Image Size: 0x00022000
File Size:  132232      File Time:  2016-07-16_064256
Version:
   Company:    Microsoft Corporation
   Product:    Microsoft® Windows® Operating System
   FileDesc:   Device Information Set DLL
   FileVer:    10.0.14393.0
   ProdVer:    10.0.14393.0

Module 32
C:\WINDOWS\system32\rsaenh.dll
Image Base: 0x70660000  Image Size: 0x0002f000
File Size:  184416      File Time:  2016-07-16_064256
Version:
   Company:    Microsoft Corporation
   Product:    Microsoft® Windows® Operating System
   FileDesc:   Microsoft Enhanced Cryptographic Provider
   FileVer:    10.0.14393.0
   ProdVer:    10.0.14393.0

Module 33
C:\WINDOWS\SYSTEM32\CRYPTSP.dll
Image Base: 0x70690000  Image Size: 0x00013000
File Size:  68720       File Time:  2016-07-16_064256
Version:
   Company:    Microsoft Corporation
   Product:    Microsoft® Windows® Operating System
   FileDesc:   Cryptographic Service Provider API
   FileVer:    10.0.14393.0
   ProdVer:    10.0.14393.0

Module 34
C:\WINDOWS\SYSTEM32\MSWSOCK.dll
Image Base: 0x706b0000  Image Size: 0x0004e000
File Size:  306016      File Time:  2016-07-16_064256
Version:
   Company:    Microsoft Corporation
   Product:    Microsoft® Windows® Operating System
   FileDesc:   Microsoft Windows Sockets 2.0 Service Provider
   FileVer:    10.0.14393.0
   ProdVer:    10.0.14393.0

Module 35
C:\WINDOWS\SYSTEM32\ntmarta.dll
Image Base: 0x70710000  Image Size: 0x00028000
File Size:  154432      File Time:  2016-07-16_064256
Version:
   Company:    Microsoft Corporation
   Product:    Microsoft® Windows® Operating System
   FileDesc:   Windows NT MARTA provider
   FileVer:    10.0.14393.0
   ProdVer:    10.0.14393.0

Module 36
C:\WINDOWS\SYSTEM32\dhcpcsvc.DLL
Image Base: 0x70740000  Image Size: 0x00014000
File Size:  63488       File Time:  2016-07-16_064256
Version:
   Company:    Microsoft Corporation
   Product:    Microsoft® Windows® Operating System
   FileDesc:   DHCP Client Service
   FileVer:    10.0.14393.0
   ProdVer:    10.0.14393.0

Module 37
C:\WINDOWS\SYSTEM32\dhcpcsvc6.DLL
Image Base: 0x70840000  Image Size: 0x00013000
File Size:  57344       File Time:  2016-07-16_064256
Version:
   Company:    Microsoft Corporation
   Product:    Microsoft® Windows® Operating System
   FileDesc:   DHCPv6 Client
   FileVer:    10.0.14393.0
   ProdVer:    10.0.14393.0

Module 38
C:\WINDOWS\system32\dwmapi.dll
Image Base: 0x708d0000  Image Size: 0x0001f000
File Size:  113504      File Time:  2016-09-15_121352
Version:
   Company:    Microsoft Corporation
   Product:    Microsoft® Windows® Operating System
   FileDesc:   Microsoft Desktop Window Manager API
   FileVer:    10.0.14393.206
   ProdVer:    10.0.14393.206

Module 39
C:\WINDOWS\SYSTEM32\WINMMBASE.dll
Image Base: 0x710b0000  Image Size: 0x00023000
File Size:  131208      File Time:  2016-07-16_064250
Version:
   Company:    Microsoft Corporation
   Product:    Microsoft® Windows® Operating System
   FileDesc:   Base Multimedia Extension API DLL
   FileVer:    10.0.14393.0
   ProdVer:    10.0.14393.0

Module 40
C:\WINDOWS\SYSTEM32\WINMM.dll
Image Base: 0x71a50000  Image Size: 0x00024000
File Size:  135376      File Time:  2016-07-16_064250
Version:
   Company:    Microsoft Corporation
   Product:    Microsoft® Windows® Operating System
   FileDesc:   MCI API DLL
   FileVer:    10.0.14393.0
   ProdVer:    10.0.14393.0

Module 41
C:\WINDOWS\SYSTEM32\dbghelp.dll
Image Base: 0x72620000  Image Size: 0x00145000
File Size:  1220608     File Time:  2016-07-16_064258
Version:
   Company:    Microsoft
   Product:    Microsoft® Windows® Operating System
   FileDesc:   Windows Image Helper
   FileVer:    10.0.14321.1024
   ProdVer:    10.0.14321.1024

Module 42
C:\WINDOWS\SYSTEM32\bcrypt.dll
Image Base: 0x72ab0000  Image Size: 0x0001b000
File Size:  106896      File Time:  2016-12-09_050100
Version:
   Company:    Microsoft Corporation
   Product:    Microsoft® Windows® Operating System
   FileDesc:   Windows Cryptographic Primitives Library
   FileVer:    10.0.14393.576
   ProdVer:    10.0.14393.576

Module 43
C:\Windows\System32\rasadhlp.dll
Image Base: 0x72b60000  Image Size: 0x00008000
File Size:  13312       File Time:  2016-07-16_064302
Version:
   Company:    Microsoft Corporation
   Product:    Microsoft® Windows® Operating System
   FileDesc:   Remote Access AutoDial Helper
   FileVer:    10.0.14393.0
   ProdVer:    10.0.14393.0

Module 44
C:\WINDOWS\SYSTEM32\VERSION.dll
Image Base: 0x73020000  Image Size: 0x00008000
File Size:  27360       File Time:  2016-07-16_064306
Version:
   Company:    Microsoft Corporation
   Product:    Microsoft® Windows® Operating System
   FileDesc:   Version Checking and File Installation Libraries
   FileVer:    10.0.14393.0
   ProdVer:    10.0.14393.0

Module 45
C:\WINDOWS\SYSTEM32\DNSAPI.dll
Image Base: 0x73430000  Image Size: 0x0007c000
File Size:  496872      File Time:  2016-09-15_123716
Version:
   Company:    Microsoft Corporation
   Product:    Microsoft® Windows® Operating System
   FileDesc:   DNS Client API DLL
   FileVer:    10.0.14393.206
   ProdVer:    10.0.14393.206

Module 46
C:\Program Files (x86)\AVG\Av\avghookx.dll
Image Base: 0x73940000  Image Size: 0x0004e000
File Size:  328664      File Time:  2017-01-09_140530
Version:
   Company:    AVG Technologies CZ, s.r.o.
   Product:    AVG Internet Security
   FileDesc:   AVG Hook Library
   FileVer:    16.141.0.7998
   ProdVer:    16.141.0.7998

Module 47
C:\Program Files (x86)\Bonjour\mdnsNSP.dll
Image Base: 0x73af0000  Image Size: 0x00021000
File Size:  121704      File Time:  2011-08-30_220502
Version:
   Company:    Apple Inc.
   Product:    Bonjour
   FileDesc:   Bonjour Namespace Provider
   FileVer:    3.0.0.10
   ProdVer:    3.0.0.10

Module 48
C:\WINDOWS\System32\wshbth.dll
Image Base: 0x73b20000  Image Size: 0x00011000
File Size:  51712       File Time:  2016-07-16_064258
Version:
   Company:    Microsoft Corporation
   Product:    Microsoft® Windows® Operating System
   FileDesc:   Windows Sockets Helper DLL
   FileVer:    10.0.14393.0
   ProdVer:    10.0.14393.0

Module 49
C:\WINDOWS\System32\winrnr.dll
Image Base: 0x73b40000  Image Size: 0x0000c000
File Size:  24064       File Time:  2016-07-16_064248
Version:
   Company:    Microsoft Corporation
   Product:    Microsoft® Windows® Operating System
   FileDesc:   LDAP RnR Provider DLL
   FileVer:    10.0.14393.0
   ProdVer:    10.0.14393.0

Module 50
C:\WINDOWS\system32\pnrpnsp.dll
Image Base: 0x73b50000  Image Size: 0x00016000
File Size:  70656       File Time:  2016-07-16_064402
Version:
   Company:    Microsoft Corporation
   Product:    Microsoft® Windows® Operating System
   FileDesc:   PNRP Name Space Provider
   FileVer:    10.0.14393.0
   ProdVer:    10.0.14393.0

Module 51
C:\WINDOWS\system32\napinsp.dll
Image Base: 0x73b70000  Image Size: 0x00012000
File Size:  55808       File Time:  2016-07-16_064302
Version:
   Company:    Microsoft Corporation
   Product:    Microsoft® Windows® Operating System
   FileDesc:   E-mail Naming Shim Provider
   FileVer:    10.0.14393.0
   ProdVer:    10.0.14393.0

Module 52
C:\WINDOWS\system32\NLAapi.dll
Image Base: 0x73b90000  Image Size: 0x00014000
File Size:  65024       File Time:  2016-07-16_064354
Version:
   Company:    Microsoft Corporation
   Product:    Microsoft® Windows® Operating System
   FileDesc:   Network Location Awareness 2
   FileVer:    10.0.14393.0
   ProdVer:    10.0.14393.0

Module 53
C:\WINDOWS\SYSTEM32\IPHLPAPI.DLL
Image Base: 0x73cf0000  Image Size: 0x0002f000
File Size:  184416      File Time:  2016-07-16_064256
Version:
   Company:    Microsoft Corporation
   Product:    Microsoft® Windows® Operating System
   FileDesc:   IP Helper API
   FileVer:    10.0.14393.0
   ProdVer:    10.0.14393.0

Module 54
C:\WINDOWS\SYSTEM32\WTSAPI32.dll
Image Base: 0x73d20000  Image Size: 0x0000f000
File Size:  53216       File Time:  2016-07-16_064306
Version:
   Company:    Microsoft Corporation
   Product:    Microsoft® Windows® Operating System
   FileDesc:   Windows Remote Desktop Session Host Server SDK APIs
   FileVer:    10.0.14393.0
   ProdVer:    10.0.14393.0

Module 55
C:\WINDOWS\System32\CRYPTBASE.dll
Image Base: 0x73dd0000  Image Size: 0x0000a000
File Size:  31528       File Time:  2016-07-16_064250
Version:
   Company:    Microsoft Corporation
   Product:    Microsoft® Windows® Operating System
   FileDesc:   Base cryptographic API DLL
   FileVer:    10.0.14393.0
   ProdVer:    10.0.14393.0

Module 56
C:\WINDOWS\System32\SspiCli.dll
Image Base: 0x73de0000  Image Size: 0x0001e000
File Size:  117240      File Time:  2016-12-09_045110
Version:
   Company:    Microsoft Corporation
   Product:    Microsoft® Windows® Operating System
   FileDesc:   Security Support Provider Interface
   FileVer:    10.0.14393.576
   ProdVer:    10.0.14393.576

Module 57
C:\WINDOWS\System32\SETUPAPI.dll
Image Base: 0x73e00000  Image Size: 0x0040b000
File Size:  4268368     File Time:  2016-07-16_064246
Version:
   Company:    Microsoft Corporation
   Product:    Microsoft® Windows® Operating System
   FileDesc:   Windows Setup API
   FileVer:    10.0.14393.0
   ProdVer:    10.0.14393.0

Module 58
C:\WINDOWS\System32\shcore.dll
Image Base: 0x74210000  Image Size: 0x00088000
File Size:  549088      File Time:  2016-07-16_064244
Version:
   Company:    Microsoft Corporation
   Product:    Microsoft® Windows® Operating System
   FileDesc:   SHCORE
   FileVer:    10.0.14393.0
   ProdVer:    10.0.14393.0

Module 59
C:\WINDOWS\System32\sechost.dll
Image Base: 0x74390000  Image Size: 0x00041000
File Size:  255168      File Time:  2016-07-16_064250
Version:
   Company:    Microsoft Corporation
   Product:    Microsoft® Windows® Operating System
   FileDesc:   Host for SCM/SDDL/LSA Lookup APIs
   FileVer:    10.0.14393.0
   ProdVer:    10.0.14393.0

Module 60
C:\WINDOWS\System32\IMM32.dll
Image Base: 0x743e0000  Image Size: 0x00025000
File Size:  144632      File Time:  2016-07-16_064250
Version:
   Company:    Microsoft Corporation
   Product:    Microsoft® Windows® Operating System
   FileDesc:   Multi-User Windows IMM32 API Client DLL
   FileVer:    10.0.14393.0
   ProdVer:    10.0.14393.0

Module 61
C:\WINDOWS\System32\NSI.dll
Image Base: 0x74410000  Image Size: 0x00007000
File Size:  20152       File Time:  2016-07-16_064228
Version:
   Company:    Microsoft Corporation
   Product:    Microsoft® Windows® Operating System
   FileDesc:   NSI User-mode interface DLL
   FileVer:    10.0.14393.0
   ProdVer:    10.0.14393.0

Module 62
C:\WINDOWS\System32\msvcp_win.dll
Image Base: 0x74420000  Image Size: 0x0007b000
File Size:  498408      File Time:  2016-07-16_064256
Version:
   Company:    Microsoft Corporation
   Product:    Microsoft® Windows® Operating System
   FileDesc:   Microsoft® C Runtime Library
   FileVer:    10.0.14393.0
   ProdVer:    10.0.14393.0

Module 63
C:\WINDOWS\System32\gdi32full.dll
Image Base: 0x744a0000  Image Size: 0x0015b000
File Size:  1415752     File Time:  2016-12-09_045222
Version:
   Company:    Microsoft Corporation
   Product:    Microsoft® Windows® Operating System
   FileDesc:   GDI Client DLL
   FileVer:    10.0.14393.576
   ProdVer:    10.0.14393.576

Module 64
C:\WINDOWS\System32\MSCTF.dll
Image Base: 0x74620000  Image Size: 0x00135000
File Size:  1263856     File Time:  2016-11-11_023820
Version:
   Company:    Microsoft Corporation
   Product:    Microsoft® Windows® Operating System
   FileDesc:   MSCTF Server DLL
   FileVer:    10.0.14393.479
   ProdVer:    10.0.14393.479

Module 65
C:\WINDOWS\System32\KERNEL32.DLL
Image Base: 0x748f0000  Image Size: 0x000e0000
File Size:  616048      File Time:  2016-07-16_064246
Version:
   Company:    Microsoft Corporation
   Product:    Microsoft® Windows® Operating System
   FileDesc:   Windows NT BASE API Client DLL
   FileVer:    10.0.14393.0
   ProdVer:    10.0.14393.0

Module 66
C:\WINDOWS\System32\ole32.dll
Image Base: 0x749d0000  Image Size: 0x000ea000
File Size:  959112      File Time:  2016-12-09_045616
Version:
   Company:    Microsoft Corporation
   Product:    Microsoft® Windows® Operating System
   FileDesc:   Microsoft OLE for Windows
   FileVer:    10.0.14393.576
   ProdVer:    10.0.14393.576

Module 67
C:\WINDOWS\System32\PSAPI.DLL
Image Base: 0x74ac0000  Image Size: 0x00006000
File Size:  17048       File Time:  2016-07-16_064246
Version:
   Company:    Microsoft Corporation
   Product:    Microsoft® Windows® Operating System
   FileDesc:   Process Status Helper
   FileVer:    10.0.14393.0
   ProdVer:    10.0.14393.0

Module 68
C:\WINDOWS\System32\OLEAUT32.dll
Image Base: 0x74ad0000  Image Size: 0x00094000
File Size:  601712      File Time:  2016-11-02_062300
Version:
   Company:    Microsoft Corporation
   Product:    Microsoft® Windows® Operating System
   FileDesc:   OLEAUT32.DLL
   FileVer:    10.0.14393.447
   ProdVer:    10.0.14393.447

Module 69
C:\WINDOWS\System32\RPCRT4.dll
Image Base: 0x74be0000  Image Size: 0x000c1000
File Size:  790760      File Time:  2016-08-05_231746
Version:
   Company:    Microsoft Corporation
   Product:    Microsoft® Windows® Operating System
   FileDesc:   Remote Procedure Call Runtime
   FileVer:    10.0.14393.82
   ProdVer:    10.0.14393.82

Module 70
C:\WINDOWS\System32\WS2_32.dll
Image Base: 0x74cc0000  Image Size: 0x00063000
File Size:  402352      File Time:  2016-09-15_123706
Version:
   Company:    Microsoft Corporation
   Product:    Microsoft® Windows® Operating System
   FileDesc:   Windows Socket 2.0 32-Bit DLL
   FileVer:    10.0.14393.206
   ProdVer:    10.0.14393.206

Module 71
C:\WINDOWS\System32\SHLWAPI.dll
Image Base: 0x74e20000  Image Size: 0x00046000
File Size:  284056      File Time:  2016-07-16_064304
Version:
   Company:    Microsoft Corporation
   Product:    Microsoft® Windows® Operating System
   FileDesc:   Shell Light-weight Utility Library
   FileVer:    10.0.14393.0
   ProdVer:    10.0.14393.0

Module 72
C:\WINDOWS\System32\powrprof.dll
Image Base: 0x74e70000  Image Size: 0x00045000
File Size:  275832      File Time:  2016-07-16_064256
Version:
   Company:    Microsoft Corporation
   Product:    Microsoft® Windows® Operating System
   FileDesc:   Power Profile Helper DLL
   FileVer:    10.0.14393.0
   ProdVer:    10.0.14393.0

Module 73
C:\WINDOWS\System32\clbcatq.dll
Image Base: 0x74ec0000  Image Size: 0x00084000
File Size:  528360      File Time:  2016-07-16_064248
Version:
   Company:    Microsoft Corporation
   Product:    Microsoft® Windows® Operating System
   FileDesc:   COM+ Configuration Catalog
   FileVer:    2001.12.10941.16384
   ProdVer:    10.0.14393.0

Module 74
C:\WINDOWS\System32\bcryptPrimitives.dll
Image Base: 0x74f50000  Image Size: 0x0005a000
File Size:  367208      File Time:  2016-07-16_064228
Version:
   Company:    Microsoft Corporation
   Product:    Microsoft® Windows® Operating System
   FileDesc:   Windows Cryptographic Primitives Library
   FileVer:    10.0.14393.0
   ProdVer:    10.0.14393.0

Module 75
C:\WINDOWS\System32\profapi.dll
Image Base: 0x74fb0000  Image Size: 0x0000f000
File Size:  54752       File Time:  2016-07-16_064250
Version:
   Company:    Microsoft Corporation
   Product:    Microsoft® Windows® Operating System
   FileDesc:   User Profile Basic API
   FileVer:    10.0.14393.0
   ProdVer:    10.0.14393.0

Module 76
C:\WINDOWS\System32\cfgmgr32.dll
Image Base: 0x74fc0000  Image Size: 0x00036000
File Size:  213848      File Time:  2016-07-16_064256
Version:
   Company:    Microsoft Corporation
   Product:    Microsoft® Windows® Operating System
   FileDesc:   Configuration Manager DLL
   FileVer:    10.0.14393.0
   ProdVer:    10.0.14393.0

Module 77
C:\WINDOWS\System32\ucrtbase.dll
Image Base: 0x75000000  Image Size: 0x000e0000
File Size:  918304      File Time:  2016-07-16_064256
Version:
   Company:    Microsoft Corporation
   Product:    Microsoft® Windows® Operating System
   FileDesc:   Microsoft® C Runtime Library
   FileVer:    10.0.14393.0
   ProdVer:    10.0.14393.0

Module 78
C:\WINDOWS\System32\KERNELBASE.dll
Image Base: 0x750e0000  Image Size: 0x001a1000
File Size:  1706488     File Time:  2016-11-11_030002
Version:
   Company:    Microsoft Corporation
   Product:    Microsoft® Windows® Operating System
   FileDesc:   Windows NT BASE API Client DLL
   FileVer:    10.0.14393.479
   ProdVer:    10.0.14393.479

Module 79
C:\WINDOWS\System32\win32u.dll
Image Base: 0x75290000  Image Size: 0x00015000
File Size:  79536       File Time:  2016-08-01_234722
Version:
   Company:    Microsoft Corporation
   Product:    Microsoft® Windows® Operating System
   FileDesc:   Win32u
   FileVer:    10.0.14393.51
   ProdVer:    10.0.14393.51

Module 80
C:\WINDOWS\System32\SHELL32.dll
Image Base: 0x752b0000  Image Size: 0x013d9000
File Size:  20969928    File Time:  2016-12-21_000136
Version:
   Company:    Microsoft Corporation
   Product:    Microsoft® Windows® Operating System
   FileDesc:   Windows Shell Common Dll
   FileVer:    10.0.14393.693
   ProdVer:    10.0.14393.693

Module 81
C:\WINDOWS\System32\kernel.appcore.dll
Image Base: 0x76690000  Image Size: 0x0000d000
File Size:  43416       File Time:  2016-07-16_064256
Version:
   Company:    Microsoft Corporation
   Product:    Microsoft® Windows® Operating System
   FileDesc:   AppModel API Host
   FileVer:    10.0.14393.0
   ProdVer:    10.0.14393.0

Module 82
C:\WINDOWS\System32\GDI32.dll
Image Base: 0x76700000  Image Size: 0x0002b000
File Size:  170960      File Time:  2016-09-15_122320
Version:
   Company:    Microsoft Corporation
   Product:    Microsoft® Windows® Operating System
   FileDesc:   GDI Client DLL
   FileVer:    10.0.14393.206
   ProdVer:    10.0.14393.206

Module 83
C:\WINDOWS\System32\USER32.dll
Image Base: 0x76730000  Image Size: 0x0015f000
File Size:  1435896     File Time:  2016-12-09_045222
Version:
   Company:    Microsoft Corporation
   Product:    Microsoft® Windows® Operating System
   FileDesc:   Multi-User Windows USER API Client DLL
   FileVer:    10.0.14393.576
   ProdVer:    10.0.14393.576

Module 84
C:\WINDOWS\System32\ADVAPI32.dll
Image Base: 0x76a10000  Image Size: 0x00077000
File Size:  482392      File Time:  2016-07-16_064250
Version:
   Company:    Microsoft Corporation
   Product:    Microsoft® Windows® Operating System
   FileDesc:   Advanced Windows 32 Base API
   FileVer:    10.0.14393.0
   ProdVer:    10.0.14393.0

Module 85
C:\WINDOWS\System32\windows.storage.dll
Image Base: 0x76a90000  Image Size: 0x0056e000
File Size:  5722832     File Time:  2016-11-11_024716
Version:
   Company:    Microsoft Corporation
   Product:    Microsoft® Windows® Operating System
   FileDesc:   Microsoft WinRT Storage API
   FileVer:    10.0.14393.479
   ProdVer:    10.0.14393.479

Module 86
C:\WINDOWS\System32\msvcrt.dll
Image Base: 0x77000000  Image Size: 0x000be000
File Size:  773168      File Time:  2016-07-16_064250
Version:
   Company:    Microsoft Corporation
   Product:    Microsoft® Windows® Operating System
   FileDesc:   Windows NT CRT DLL
   FileVer:    7.0.14393.0
   ProdVer:    10.0.14393.0

Module 87
C:\WINDOWS\System32\combase.dll
Image Base: 0x770c0000  Image Size: 0x00211000
File Size:  2166752     File Time:  2016-12-09_045926
Version:
   Company:    Microsoft Corporation
   Product:    Microsoft® Windows® Operating System
   FileDesc:   Microsoft COM for Windows
   FileVer:    10.0.14393.576
   ProdVer:    10.0.14393.576

Module 88
C:\WINDOWS\SYSTEM32\ntdll.dll
Image Base: 0x77340000  Image Size: 0x00183000
File Size:  1572768     File Time:  2016-11-11_030000
Version:
   Company:    Microsoft Corporation
   Product:    Microsoft® Windows® Operating System
   FileDesc:   NT Layer DLL
   FileVer:    10.0.14393.479
   ProdVer:    10.0.14393.479

Module 89
C:\WINDOWS\SYSTEM32\DDRAW.dll
Image Base: 0x777e0000  Image Size: 0x000ed000
File Size:  548352      File Time:  2016-11-02_054022
Version:
   Company:    Microsoft Corporation
   Product:    Microsoft® Windows® Operating System
   FileDesc:   Microsoft DirectDraw
   FileVer:    10.0.14393.447
   ProdVer:    10.0.14393.447


== [end of error.log] ==
